<?xml version="1.0" encoding="UTF-8"?>
<!-- Generated by org.testng.reporters.JUnitXMLReporter -->
<testsuite ignored="0" hostname="LAPTOP-TI61EAF6" failures="0" tests="2" name="Login Test" time="47.961" errors="0" timestamp="2025-09-07T23:30:17 IST">
  <testcase classname="LambdaTest.LambdaTestPlaygroud.LoginScenarios" name="LoginWithInvalidCredsTC2" time="11.13"/>
  <testcase classname="LambdaTest.LambdaTestPlaygroud.LoginScenarios" name="LoginWithValidCredsTC1" time="14.7"/>
</testsuite> <!-- Login Test -->
