<?xml version="1.0" encoding="UTF-8"?>
<!-- Generated by org.testng.reporters.JUnitXMLReporter -->
<testsuite ignored="0" hostname="LAPTOP-TI61EAF6" failures="0" tests="4" name="Mega View Items" time="80.513" errors="0" timestamp="2025-09-07T23:30:47 IST">
  <testcase classname="LambdaTest.LambdaTestPlaygroud.MegaMenuViewItems" name="Login" time="10.574"/>
  <testcase classname="LambdaTest.LambdaTestPlaygroud.MegaMenuViewItems" name="ViewItems" time="11.091"/>
  <testcase classname="LambdaTest.LambdaTestPlaygroud.MegaMenuViewItems" name="ViewItems" time="3.778"/>
  <testcase classname="LambdaTest.LambdaTestPlaygroud.MegaMenuViewItems" name="ViewItems" time="7.541"/>
</testsuite> <!-- Mega View Items -->
