<?xml version="1.0" encoding="UTF-8"?>
<!-- Generated by org.testng.reporters.JUnitXMLReporter -->
<testsuite ignored="0" hostname="LAPTOP-TI61EAF6" failures="0" tests="3" name="SearchBar Test" time="74.786" errors="0" timestamp="2025-09-07T23:30:42 IST">
  <testcase classname="LambdaTest.LambdaTestPlaygroud.SearchBarScenarios" name="Login" time="14.001"/>
  <testcase classname="LambdaTest.LambdaTestPlaygroud.SearchBarScenarios" name="searchItemsTC1" time="13.782"/>
  <testcase classname="LambdaTest.LambdaTestPlaygroud.SearchBarScenarios" name="SearchUsingFilterTC2" time="12.917"/>
</testsuite> <!-- SearchBar Test -->
