<?xml version="1.0" encoding="UTF-8"?>
<!-- Generated by org.testng.reporters.JUnitXMLReporter -->
<testsuite ignored="0" hostname="LAPTOP-TI61EAF6" failures="0" tests="3" name="Registration Test" time="13.37" errors="0" timestamp="2025-09-07T19:05:23 IST">
  <testcase classname="LambdaTest.LambdaTestPlaygroud.RegisterScenarios" name="BlankClickTC2" time="3.379"/>
  <testcase classname="LambdaTest.LambdaTestPlaygroud.RegisterScenarios" name="EmailAvaiableTC3" time="1.217"/>
  <testcase classname="LambdaTest.LambdaTestPlaygroud.RegisterScenarios" name="RegisterTC1" time="2.846"/>
</testsuite> <!-- Registration Test -->
