<?xml version="1.0" encoding="UTF-8"?>
<!-- Generated by org.testng.reporters.JUnitXMLReporter -->
<testsuite ignored="0" hostname="LAPTOP-TI61EAF6" failures="0" tests="3" name="SearchBar Test" time="19.835" errors="0" timestamp="2025-09-07T19:06:03 IST">
  <testcase classname="LambdaTest.LambdaTestPlaygroud.SearchBarScenarios" name="Login" time="3.058"/>
  <testcase classname="LambdaTest.LambdaTestPlaygroud.SearchBarScenarios" name="searchItemsTC1" time="4.679"/>
  <testcase classname="LambdaTest.LambdaTestPlaygroud.SearchBarScenarios" name="SearchUsingFilterTC2" time="5.554"/>
</testsuite> <!-- SearchBar Test -->
