<?xml version="1.0" encoding="UTF-8"?>
<!-- Generated by org.testng.reporters.JUnitXMLReporter -->
<testsuite ignored="0" hostname="LAPTOP-TI61EAF6" failures="0" tests="4" name="Mega View Items" time="17.867" errors="0" timestamp="2025-09-06T00:43:34 IST">
  <testcase classname="LambdaTest.LambdaTestPlaygroud.MegaMenuViewItems" name="Login" time="3.002"/>
  <testcase classname="LambdaTest.LambdaTestPlaygroud.MegaMenuViewItems" name="ViewItems" time="3.381"/>
  <testcase classname="LambdaTest.LambdaTestPlaygroud.MegaMenuViewItems" name="ViewItems" time="2.038"/>
  <testcase classname="LambdaTest.LambdaTestPlaygroud.MegaMenuViewItems" name="ViewItems" time="3.786"/>
</testsuite> <!-- Mega View Items -->
