<?xml version="1.0" encoding="UTF-8"?>
<!-- Generated by org.testng.reporters.JUnitXMLReporter -->
<testsuite ignored="1" hostname="LAPTOP-TI61EAF6" failures="0" tests="1" name="Login Test" time="10.888" errors="0" timestamp="2025-09-07T21:57:52 IST">
  <testcase classname="LambdaTest.LambdaTestPlaygroud.LoginScenarios" name="LoginWithValidCredsTC1" time="3.943"/>
  <testcase classname="LambdaTest.LambdaTestPlaygroud.LoginScenarios" name="LoginWithInvalidCredsTC2" time="0.0">
    <ignored/>
  </testcase> <!-- LoginWithInvalidCredsTC2 -->
</testsuite> <!-- Login Test -->
