<?xml version="1.0" encoding="UTF-8"?>
<!-- Generated by org.testng.reporters.JUnitXMLReporter -->
<testsuite ignored="0" hostname="LAPTOP-TI61EAF6" failures="0" tests="4" name="Mega View Items" time="56.147" errors="0" timestamp="2025-09-07T21:32:58 IST">
  <testcase classname="LambdaTest.LambdaTestPlaygroud.MegaMenuViewItems" name="Login" time="4.193"/>
  <testcase classname="LambdaTest.LambdaTestPlaygroud.MegaMenuViewItems" name="ViewItems" time="5.351"/>
  <testcase classname="LambdaTest.LambdaTestPlaygroud.MegaMenuViewItems" name="ViewItems" time="5.769"/>
  <testcase classname="LambdaTest.LambdaTestPlaygroud.MegaMenuViewItems" name="ViewItems" time="11.388"/>
</testsuite> <!-- Mega View Items -->
