<?xml version="1.0" encoding="UTF-8"?>
<!-- Generated by org.testng.reporters.JUnitXMLReporter -->
<testsuite ignored="0" hostname="LAPTOP-TI61EAF6" failures="0" tests="3" name="SearchBar Test" time="70.27" errors="0" timestamp="2025-09-07T21:33:12 IST">
  <testcase classname="LambdaTest.LambdaTestPlaygroud.SearchBarScenarios" name="Login" time="8.47"/>
  <testcase classname="LambdaTest.LambdaTestPlaygroud.SearchBarScenarios" name="searchItemsTC1" time="6.385"/>
  <testcase classname="LambdaTest.LambdaTestPlaygroud.SearchBarScenarios" name="SearchUsingFilterTC2" time="13.304"/>
</testsuite> <!-- SearchBar Test -->
